<?xml version="1.0" encoding="UTF-8"?>
<!-- Generated by org.testng.reporters.JUnitReportReporter -->
<testsuite hostname="DESKTOP-1GI3NUO" failures="0" tests="1" name="automationTest.learnFrame" time="11.612" errors="0" timestamp="2024-12-03T18:03:51 IST" skipped="0">
  <testcase classname="automationTest.learnFrame" name="lerniframe" time="11.612"/>
</testsuite> <!-- automationTest.learnFrame -->
