<?xml version="1.0" encoding="UTF-8"?>
<!-- Generated by org.testng.reporters.JUnitReportReporter -->
<testsuite hostname="DESKTOP-1GI3NUO" failures="0" tests="1" name="automationTest.frame" time="8.401" errors="0" timestamp="2024-12-03T19:39:54 IST" skipped="0">
  <testcase classname="automationTest.frame" name="testIframe" time="8.401"/>
</testsuite> <!-- automationTest.frame -->
