<?xml version="1.0" encoding="UTF-8"?>
<!-- Generated by org.testng.reporters.JUnitReportReporter -->
<testsuite hostname="DESKTOP-1GI3NUO" failures="0" tests="1" name="automationTest.amezonetest" time="4.877" errors="0" timestamp="2024-12-12T14:10:37 IST" skipped="0">
  <testcase classname="automationTest.amezonetest" name="learnLocator" time="4.877"/>
</testsuite> <!-- automationTest.amezonetest -->
