<?xml version="1.0" encoding="UTF-8"?>
<!-- Generated by org.testng.reporters.JUnitReportReporter -->
<testsuite hostname="DESKTOP-1GI3NUO" failures="0" tests="1" name="Test.Example.search" time="25.096" errors="0" timestamp="2024-11-29T15:06:24 IST" skipped="0">
  <testcase classname="Test.Example.search" name="testNumberOfProduct" time="25.096"/>
</testsuite> <!-- Test.Example.search -->
