<?xml version="1.0" encoding="UTF-8"?>
<!-- Generated by org.testng.reporters.JUnitReportReporter -->
<testsuite hostname="DESKTOP-1GI3NUO" failures="0" tests="1" name="Test.Example.test" time="0.014" errors="0" timestamp="2024-11-29T11:22:28 IST" skipped="0">
  <testcase classname="Test.Example.test" name="ss" time="0.014"/>
</testsuite> <!-- Test.Example.test -->
