<?xml version="1.0" encoding="UTF-8"?>
<!-- Generated by org.testng.reporters.JUnitReportReporter -->
<testsuite hostname="DESKTOP-1GI3NUO" failures="0" tests="1" name="Test.Example.sort" time="0.011" errors="0" timestamp="2024-12-13T16:56:43 IST" skipped="0">
  <testcase classname="Test.Example.sort" name="converToStringToInteger" time="0.011"/>
</testsuite> <!-- Test.Example.sort -->
