<?xml version="1.0" encoding="UTF-8"?>
<!-- Generated by org.testng.reporters.JUnitReportReporter -->
<testsuite hostname="DESKTOP-1GI3NUO" failures="0" tests="1" name="automationTest.alertHandel" time="6.770" errors="0" timestamp="2024-12-03T19:40:41 IST" skipped="0">
  <testcase classname="automationTest.alertHandel" name="alert" time="6.770"/>
</testsuite> <!-- automationTest.alertHandel -->
